#
# There is insufficient memory for the Java Runtime Environment to continue.
# Native memory allocation (malloc) failed to allocate 32744 bytes for ChunkPool::allocate
# Possible reasons:
#   The system is out of physical RAM or swap space
#   The process is running with CompressedOops enabled, and the Java Heap may be blocking the growth of the native heap
# Possible solutions:
#   Reduce memory load on the system
#   Increase physical memory or swap space
#   Check if swap backing store is full
#   Decrease Java heap size (-Xmx/-Xms)
#   Decrease number of Java threads
#   Decrease Java thread stack sizes (-Xss)
#   Set larger code cache with -XX:ReservedCodeCacheSize=
#   JVM is running with Unscaled Compressed Oops mode in which the Java heap is
#     placed in the first 4GB address space. The Java Heap base address is the
#     maximum limit for the native heap growth. Please use -XX:HeapBaseMinAddress
#     to set the Java Heap base and to place the Java Heap above 4GB virtual address.
# This output file may be truncated or incomplete.
#
#  Out of Memory Error (allocation.cpp:272), pid=21780, tid=0x0000000000001a3c
#
# JRE version: OpenJDK Runtime Environment (8.0_242-b01) (build 1.8.0_242-release-1644-b01)
# Java VM: OpenJDK 64-Bit Server VM (25.242-b01 mixed mode windows-amd64 compressed oops)
# Failed to write core dump. Minidumps are not enabled by default on client versions of Windows
#

---------------  T H R E A D  ---------------

Current thread (0x000000001a2e3800):  JavaThread "C2 CompilerThread0" daemon [_thread_in_native, id=6716, stack(0x000000001abb0000,0x000000001acb0000)]

Stack: [0x000000001abb0000,0x000000001acb0000]
[error occurred during error reporting (printing stack bounds), id 0xc0000005]

Native frames: (J=compiled Java code, j=interpreted, Vv=VM code, C=native code)


Current CompileTask:
C2:   4600 1499       4       java.net.URLClassLoader$1::run (5 bytes)


---------------  P R O C E S S  ---------------

Java Threads: ( => current thread )
  0x000000001cfc6800 JavaThread "Cache worker for file hash cache (D:\Users\stapade\.gradle\caches\6.5\fileHashes)" [_thread_blocked, id=20164, stack(0x000000001ef90000,0x000000001f090000)]
  0x000000001cfc6000 JavaThread "File lock request listener" [_thread_in_native, id=22324, stack(0x000000001ee90000,0x000000001ef90000)]
  0x000000001b1c0000 JavaThread "Cache worker for journal cache (D:\Users\stapade\.gradle\caches\journal-1)" [_thread_blocked, id=18396, stack(0x000000001ed90000,0x000000001ee90000)]
  0x000000001cd89000 JavaThread "Thread-9" [_thread_blocked, id=12268, stack(0x000000001ea90000,0x000000001eb90000)]
  0x000000001cd88000 JavaThread "Stdin handler" [_thread_blocked, id=19508, stack(0x000000001e990000,0x000000001ea90000)]
  0x000000001cd86000 JavaThread "Asynchronous log dispatcher for DefaultDaemonConnection: socket connection from /127.0.0.1:52170 to /127.0.0.1:52171" [_thread_blocked, id=13060, stack(0x000000001e890000,0x000000001e990000)]
  0x000000001cd84800 JavaThread "Daemon worker" [_thread_blocked, id=2516, stack(0x000000001e790000,0x000000001e890000)]
  0x000000001cd84000 JavaThread "Cancel handler" [_thread_blocked, id=1276, stack(0x000000001e690000,0x000000001e790000)]
  0x000000001cdd3000 JavaThread "Handler for socket connection from /127.0.0.1:52170 to /127.0.0.1:52171" [_thread_in_native, id=19784, stack(0x000000001e590000,0x000000001e690000)]
  0x000000001cdd0800 JavaThread "Daemon" [_thread_blocked, id=22056, stack(0x000000001e390000,0x000000001e490000)]
  0x000000001cdcd800 JavaThread "Daemon periodic checks" [_thread_blocked, id=22372, stack(0x000000001e090000,0x000000001e190000)]
  0x000000001cd0f000 JavaThread "Incoming local TCP Connector on port 52170" [_thread_in_native, id=21880, stack(0x000000001de50000,0x000000001df50000)]
  0x000000001cc4c800 JavaThread "Daemon health stats" [_thread_blocked, id=21056, stack(0x000000001db50000,0x000000001dc50000)]
  0x000000001a301000 JavaThread "Service Thread" daemon [_thread_blocked, id=1368, stack(0x000000001afb0000,0x000000001b0b0000)]
  0x000000001a2f2800 JavaThread "C1 CompilerThread3" daemon [_thread_blocked, id=1256, stack(0x000000001aeb0000,0x000000001afb0000)]
  0x000000001a2ea000 JavaThread "C2 CompilerThread2" daemon [_thread_in_native, id=4404, stack(0x000000001adb0000,0x000000001aeb0000)]
  0x00000000184db800 JavaThread "C2 CompilerThread1" daemon [_thread_blocked, id=1220, stack(0x000000001acb0000,0x000000001adb0000)]
=>0x000000001a2e3800 JavaThread "C2 CompilerThread0" daemon [_thread_in_native, id=6716, stack(0x000000001abb0000,0x000000001acb0000)]
  0x000000001a2e3000 JavaThread "Attach Listener" daemon [_thread_blocked, id=15884, stack(0x000000001aab0000,0x000000001abb0000)]
  0x000000001a2e5800 JavaThread "Signal Dispatcher" daemon [_thread_blocked, id=20300, stack(0x000000001a9b0000,0x000000001aab0000)]
  0x000000001a2d0800 JavaThread "Finalizer" daemon [_thread_blocked, id=10200, stack(0x000000001a7b0000,0x000000001a8b0000)]
  0x0000000003457000 JavaThread "Reference Handler" daemon [_thread_blocked, id=17992, stack(0x000000001a6b0000,0x000000001a7b0000)]
  0x000000000125e000 JavaThread "main" [_thread_blocked, id=16544, stack(0x0000000002e80000,0x0000000002f80000)]

Other Threads:
  0x00000000184c6000 VMThread [stack: 0x000000001a1b0000,0x000000001a2b0000] [id=18320]
  0x000000001a302000 WatcherThread [stack: 0x000000001b0b0000,0x000000001b1b0000] [id=12692]

VM state:not at safepoint (normal execution)

VM Mutex/Monitor currently owned by a thread: None

heap address: 0x0000000080000000, size: 2048 MB, Compressed Oops mode: 32-bit
Narrow klass base: 0x0000000000000000, Narrow klass shift: 3
Compressed class space size: 1073741824 Address: 0x0000000100000000

Heap:
 PSYoungGen      total 75776K, used 41737K [0x00000000d5580000, 0x00000000daa00000, 0x0000000100000000)
  eden space 65024K, 50% used [0x00000000d5580000,0x00000000d7572fa8,0x00000000d9500000)
  from space 10752K, 83% used [0x00000000d9f80000,0x00000000da84f848,0x00000000daa00000)
  to   space 10752K, 0% used [0x00000000d9500000,0x00000000d9500000,0x00000000d9f80000)
 ParOldGen       total 173568K, used 24K [0x0000000080000000, 0x000000008a980000, 0x00000000d5580000)
  object space 173568K, 0% used [0x0000000080000000,0x0000000080006000,0x000000008a980000)
 Metaspace       used 17051K, capacity 17718K, committed 17920K, reserved 1064960K
  class space    used 2312K, capacity 2509K, committed 2560K, reserved 1048576K

Card table byte_map: [0x0000000012820000,0x0000000012c30000] byte_map_base: 0x0000000012420000

Marking Bits: (ParMarkBitMap*) 0x00000000743af030
 Begin Bits: [0x00000000136e0000, 0x00000000156e0000)
 End Bits:   [0x00000000156e0000, 0x00000000176e0000)

Polling page: 0x0000000001230000

CodeCache: size=245760Kb used=5479Kb max_used=5479Kb free=240280Kb
 bounds [0x0000000003460000, 0x00000000039c0000, 0x0000000012460000]
 total_blobs=1976 nmethods=1575 adapters=314
 compilation: enabled

Compilation events (10 events):
Event: 4.542 Thread 0x000000001a2f2800 1576       3       java.util.HashMap::getNode (148 bytes)
Event: 4.543 Thread 0x000000001a2f2800 nmethod 1576 0x00000000039b6490 code [0x00000000039b6660, 0x00000000039b7008]
Event: 4.545 Thread 0x000000001a2f2800 1577       3       java.lang.invoke.MethodTypeForm::cachedLambdaForm (44 bytes)
Event: 4.546 Thread 0x000000001a2f2800 nmethod 1577 0x00000000039b3dd0 code [0x00000000039b3f60, 0x00000000039b43b0]
Event: 4.548 Thread 0x000000001a2f2800 1578       3       org.gradle.internal.service.DefaultServiceRegistry$OwnServices::getService (309 bytes)
Event: 4.552 Thread 0x000000001a2f2800 nmethod 1578 0x00000000039b72d0 code [0x00000000039b77c0, 0x00000000039ba758]
Event: 4.552 Thread 0x000000001a2f2800 1580       3       org.gradle.internal.service.DefaultServiceRegistry$CompositeServiceProvider::getService (49 bytes)
Event: 4.552 Thread 0x000000001a2f2800 nmethod 1580 0x00000000039b3790 code [0x00000000039b3900, 0x00000000039b3c48]
Event: 4.552 Thread 0x000000001a2f2800 1579       3       java.lang.Class::isAnnotation (17 bytes)
Event: 4.553 Thread 0x000000001a2f2800 nmethod 1579 0x00000000039bbd90 code [0x00000000039bbf00, 0x00000000039bc168]

GC Heap History (4 events):
Event: 1.767 GC heap before
{Heap before GC invocations=1 (full 0):
 PSYoungGen      total 75776K, used 65024K [0x00000000d5580000, 0x00000000daa00000, 0x0000000100000000)
  eden space 65024K, 100% used [0x00000000d5580000,0x00000000d9500000,0x00000000d9500000)
  from space 10752K, 0% used [0x00000000d9f80000,0x00000000d9f80000,0x00000000daa00000)
  to   space 10752K, 0% used [0x00000000d9500000,0x00000000d9500000,0x00000000d9f80000)
 ParOldGen       total 173568K, used 0K [0x0000000080000000, 0x000000008a980000, 0x00000000d5580000)
  object space 173568K, 0% used [0x0000000080000000,0x0000000080000000,0x000000008a980000)
 Metaspace       used 7396K, capacity 7634K, committed 7936K, reserved 1056768K
  class space    used 901K, capacity 973K, committed 1024K, reserved 1048576K
Event: 1.775 GC heap after
Heap after GC invocations=1 (full 0):
 PSYoungGen      total 75776K, used 5683K [0x00000000d5580000, 0x00000000daa00000, 0x0000000100000000)
  eden space 65024K, 0% used [0x00000000d5580000,0x00000000d5580000,0x00000000d9500000)
  from space 10752K, 52% used [0x00000000d9500000,0x00000000d9a8ce50,0x00000000d9f80000)
  to   space 10752K, 0% used [0x00000000d9f80000,0x00000000d9f80000,0x00000000daa00000)
 ParOldGen       total 173568K, used 16K [0x0000000080000000, 0x000000008a980000, 0x00000000d5580000)
  object space 173568K, 0% used [0x0000000080000000,0x0000000080004000,0x000000008a980000)
 Metaspace       used 7396K, capacity 7634K, committed 7936K, reserved 1056768K
  class space    used 901K, capacity 973K, committed 1024K, reserved 1048576K
}
Event: 4.149 GC heap before
{Heap before GC invocations=2 (full 0):
 PSYoungGen      total 75776K, used 70707K [0x00000000d5580000, 0x00000000daa00000, 0x0000000100000000)
  eden space 65024K, 100% used [0x00000000d5580000,0x00000000d9500000,0x00000000d9500000)
  from space 10752K, 52% used [0x00000000d9500000,0x00000000d9a8ce50,0x00000000d9f80000)
  to   space 10752K, 0% used [0x00000000d9f80000,0x00000000d9f80000,0x00000000daa00000)
 ParOldGen       total 173568K, used 16K [0x0000000080000000, 0x000000008a980000, 0x00000000d5580000)
  object space 173568K, 0% used [0x0000000080000000,0x0000000080004000,0x000000008a980000)
 Metaspace       used 14216K, capacity 14698K, committed 14976K, reserved 1062912K
  class space    used 1957K, capacity 2123K, committed 2176K, reserved 1048576K
Event: 4.161 GC heap after
Heap after GC invocations=2 (full 0):
 PSYoungGen      total 75776K, used 9022K [0x00000000d5580000, 0x00000000daa00000, 0x0000000100000000)
  eden space 65024K, 0% used [0x00000000d5580000,0x00000000d5580000,0x00000000d9500000)
  from space 10752K, 83% used [0x00000000d9f80000,0x00000000da84f848,0x00000000daa00000)
  to   space 10752K, 0% used [0x00000000d9500000,0x00000000d9500000,0x00000000d9f80000)
 ParOldGen       total 173568K, used 24K [0x0000000080000000, 0x000000008a980000, 0x00000000d5580000)
  object space 173568K, 0% used [0x0000000080000000,0x0000000080006000,0x000000008a980000)
 Metaspace       used 14216K, capacity 14698K, committed 14976K, reserved 1062912K
  class space    used 1957K, capacity 2123K, committed 2176K, reserved 1048576K
}

Deoptimization events (10 events):
Event: 4.122 Thread 0x000000001cd84800 Uncommon trap: reason=class_check action=maybe_recompile pc=0x0000000003774098 method=java.util.regex.Matcher.match(II)Z @ 86
Event: 4.123 Thread 0x000000001cd84800 Uncommon trap: reason=class_check action=maybe_recompile pc=0x0000000003774098 method=java.util.regex.Matcher.match(II)Z @ 86
Event: 4.123 Thread 0x000000001cd84800 Uncommon trap: reason=class_check action=maybe_recompile pc=0x0000000003774098 method=java.util.regex.Matcher.match(II)Z @ 86
Event: 4.124 Thread 0x000000001cd84800 Uncommon trap: reason=class_check action=maybe_recompile pc=0x000000000361a60c method=java.util.regex.Matcher.match(II)Z @ 86
Event: 4.306 Thread 0x000000001cd84800 Uncommon trap: reason=unstable_if action=reinterpret pc=0x0000000003776c4c method=java.io.File.getName()Ljava/lang/String; @ 16
Event: 4.537 Thread 0x000000001cd84800 Uncommon trap: reason=unstable_if action=reinterpret pc=0x000000000377bd30 method=java.util.LinkedHashMap.afterNodeInsertion(Z)V @ 1
Event: 4.538 Thread 0x000000001cd84800 Uncommon trap: reason=unstable_if action=reinterpret pc=0x00000000036bc784 method=java.util.HashMap.getNode(ILjava/lang/Object;)Ljava/util/HashMap$Node; @ 129
Event: 4.538 Thread 0x000000001cd84800 Uncommon trap: reason=bimorphic action=maybe_recompile pc=0x000000000390d240 method=java.util.HashMap.putVal(ILjava/lang/Object;Ljava/lang/Object;ZZ)Ljava/lang/Object; @ 203
Event: 4.541 Thread 0x000000001cd84800 Uncommon trap: reason=unstable_if action=reinterpret pc=0x00000000036b9110 method=java.util.HashMap.getNode(ILjava/lang/Object;)Ljava/util/HashMap$Node; @ 129
Event: 4.541 Thread 0x000000001cd84800 Uncommon trap: reason=bimorphic action=maybe_recompile pc=0x000000000390d240 method=java.util.HashMap.putVal(ILjava/lang/Object;Ljava/lang/Object;ZZ)Ljava/lang/Object; @ 203

Classes redefined (0 events):
No events

Internal exceptions (10 events):
Event: 3.785 Thread 0x000000001cdd3000 Exception <a 'java/lang/NoSuchMethodError': <clinit>> (0x00000000d79004d8) thrown at [C:\src\AOSP-openjdk-git\hotspot\src\share\vm\prims\jni.cpp, line 1615]
Event: 3.786 Thread 0x000000001cdd3000 Exception <a 'java/lang/NoSuchMethodError': <clinit>> (0x00000000d7909078) thrown at [C:\src\AOSP-openjdk-git\hotspot\src\share\vm\prims\jni.cpp, line 1615]
Event: 3.788 Thread 0x000000001cdd3000 Exception <a 'java/lang/NoSuchMethodError': <clinit>> (0x00000000d791f418) thrown at [C:\src\AOSP-openjdk-git\hotspot\src\share\vm\prims\jni.cpp, line 1615]
Event: 3.805 Thread 0x000000001cdd3000 Exception <a 'java/lang/NoSuchMethodError': <clinit>> (0x00000000d79991c0) thrown at [C:\src\AOSP-openjdk-git\hotspot\src\share\vm\prims\jni.cpp, line 1615]
Event: 3.810 Thread 0x000000001cdd3000 Exception <a 'java/lang/NoSuchMethodError': <clinit>> (0x00000000d79c88f0) thrown at [C:\src\AOSP-openjdk-git\hotspot\src\share\vm\prims\jni.cpp, line 1615]
Event: 3.816 Thread 0x000000001cdd3000 Exception <a 'java/lang/NoSuchMethodError': <clinit>> (0x00000000d79f6ee8) thrown at [C:\src\AOSP-openjdk-git\hotspot\src\share\vm\prims\jni.cpp, line 1615]
Event: 3.817 Thread 0x000000001cdd3000 Exception <a 'java/lang/NoSuchMethodError': <clinit>> (0x00000000d7a03360) thrown at [C:\src\AOSP-openjdk-git\hotspot\src\share\vm\prims\jni.cpp, line 1615]
Event: 4.351 Thread 0x000000001cd84800 Exception <a 'java/lang/NoSuchMethodError': java.lang.Object.lambda$and$0(Ljava/util/function/Predicate;Ljava/lang/Object;)Z> (0x00000000d5fb7360) thrown at [C:\src\AOSP-openjdk-git\hotspot\src\share\vm\interpreter\linkResolver.cpp, line 620]
Event: 4.357 Thread 0x000000001cd84800 Exception <a 'java/lang/IncompatibleClassChangeError': Found class java.lang.Object, but interface was expected> (0x00000000d5fc7658) thrown at [C:\src\AOSP-openjdk-git\hotspot\src\share\vm\interpreter\linkResolver.cpp, line 653]
Event: 4.359 Thread 0x000000001cd84800 Exception <a 'java/lang/NoSuchMethodError': java.lang.Object.lambda$or$2(Ljava/util/function/Predicate;Ljava/lang/Object;)Z> (0x00000000d5fcc1a8) thrown at [C:\src\AOSP-openjdk-git\hotspot\src\share\vm\interpreter\linkResolver.cpp, line 620]

Events (10 events):
Event: 4.548 loading class org/gradle/composite/internal/DefaultIncludedBuildControllers
Event: 4.548 loading class org/gradle/composite/internal/DefaultIncludedBuildControllers done
Event: 4.549 loading class org/gradle/composite/internal/IncludedBuildController
Event: 4.549 loading class org/gradle/composite/internal/IncludedBuildController done
Event: 4.550 loading class org/gradle/composite/internal/DefaultIncludedBuildTaskGraph
Event: 4.550 loading class org/gradle/composite/internal/DefaultIncludedBuildTaskGraph done
Event: 4.550 loading class org/gradle/api/artifacts/component/ComponentSelector
Event: 4.550 loading class org/gradle/api/artifacts/component/ComponentSelector done
Event: 4.551 loading class org/gradle/internal/resolve/ModuleVersionResolveException
Event: 4.551 loading class org/gradle/internal/resolve/ModuleVersionResolveException done


Dynamic libraries:
0x00007ff7b9770000 - 0x00007ff7b97a1000 	C:\Program Files\Android\Android Studio\jre\bin\java.exe
0x00007ffea5e20000 - 0x00007ffea6010000 	C:\Windows\SYSTEM32\ntdll.dll
0x00007ffea4e80000 - 0x00007ffea4f32000 	C:\Windows\System32\KERNEL32.DLL
0x00007ffea3870000 - 0x00007ffea3b15000 	C:\Windows\System32\KERNELBASE.dll
0x00007ffea4110000 - 0x00007ffea41b3000 	C:\Windows\System32\ADVAPI32.dll
0x00007ffea4070000 - 0x00007ffea410e000 	C:\Windows\System32\msvcrt.dll
0x00007ffea46c0000 - 0x00007ffea4757000 	C:\Windows\System32\sechost.dll
0x00007ffea41c0000 - 0x00007ffea42e0000 	C:\Windows\System32\RPCRT4.dll
0x00007ffea42e0000 - 0x00007ffea4474000 	C:\Windows\System32\USER32.dll
0x00007ffea3770000 - 0x00007ffea3791000 	C:\Windows\System32\win32u.dll
0x00007ffea4bd0000 - 0x00007ffea4bf6000 	C:\Windows\System32\GDI32.dll
0x00007ffea35d0000 - 0x00007ffea3766000 	C:\Windows\System32\gdi32full.dll
0x00007ffea2db0000 - 0x00007ffea2e4e000 	C:\Windows\System32\msvcp_win.dll
0x00007ffea3c90000 - 0x00007ffea3d8a000 	C:\Windows\System32\ucrtbase.dll
0x00007ffe87b30000 - 0x00007ffe87db4000 	C:\Windows\WinSxS\amd64_microsoft.windows.common-controls_6595b64144ccf1df_6.0.18362.1139_none_9e7bf2d3e4605ac6\COMCTL32.dll
0x00007ffea5aa0000 - 0x00007ffea5dd5000 	C:\Windows\System32\combase.dll
0x00007ffea37f0000 - 0x00007ffea3870000 	C:\Windows\System32\bcryptPrimitives.dll
0x00007ffea4480000 - 0x00007ffea44ae000 	C:\Windows\System32\IMM32.DLL
0x00007ffe68060000 - 0x00007ffe68765000 	C:\Program Files\McAfee\DLP\Agent\fcagpph64.dll
0x00007ffea53b0000 - 0x00007ffea5a97000 	C:\Windows\System32\SHELL32.dll
0x00007ffea37a0000 - 0x00007ffea37ea000 	C:\Windows\System32\cfgmgr32.dll
0x00007ffea3ed0000 - 0x00007ffea3f79000 	C:\Windows\System32\shcore.dll
0x00007ffea2e50000 - 0x00007ffea35d0000 	C:\Windows\System32\windows.storage.dll
0x00007ffea2d80000 - 0x00007ffea2da3000 	C:\Windows\System32\profapi.dll
0x00007ffea2d10000 - 0x00007ffea2d5a000 	C:\Windows\System32\powrprof.dll
0x00007ffea2ce0000 - 0x00007ffea2cf0000 	C:\Windows\System32\UMPDC.dll
0x00007ffea4000000 - 0x00007ffea4052000 	C:\Windows\System32\shlwapi.dll
0x00007ffea2cf0000 - 0x00007ffea2d01000 	C:\Windows\System32\kernel.appcore.dll
0x00007ffea3c70000 - 0x00007ffea3c87000 	C:\Windows\System32\cryptsp.dll
0x00007ffea5110000 - 0x00007ffea5267000 	C:\Windows\System32\ole32.dll
0x00007ffea4c70000 - 0x00007ffea4d35000 	C:\Windows\System32\OLEAUT32.dll
0x00007ffe8de60000 - 0x00007ffe8dee9000 	C:\Windows\SYSTEM32\WINSPOOL.DRV
0x00007ffea3d90000 - 0x00007ffea3db6000 	C:\Windows\System32\bcrypt.dll
0x00007ffea1e20000 - 0x00007ffea1e2a000 	C:\Windows\SYSTEM32\VERSION.dll
0x00007ffe9eba0000 - 0x00007ffe9ec90000 	C:\Windows\SYSTEM32\PROPSYS.dll
0x00007ffea21e0000 - 0x00007ffea221a000 	C:\Windows\SYSTEM32\IPHLPAPI.DLL
0x00007ffea2bc0000 - 0x00007ffea2bf7000 	C:\Windows\SYSTEM32\SspiCli.dll
0x00007ffea1b20000 - 0x00007ffea1b51000 	C:\Windows\SYSTEM32\ntmarta.dll
0x00007ffe72cf0000 - 0x00007ffe72da3000 	C:\Program Files\McAfee\Endpoint Security\Threat Prevention\Ips\EpMPApi.dll
0x00007ffea3dc0000 - 0x00007ffea3e1c000 	C:\Windows\System32\WINTRUST.dll
0x00007ffea2d60000 - 0x00007ffea2d72000 	C:\Windows\System32\MSASN1.dll
0x0000000002c30000 - 0x0000000002d79000 	C:\Windows\System32\CRYPT32.dll
0x0000000074cb0000 - 0x0000000074cbc000 	C:\Program Files\McAfee\Endpoint Security\Threat Prevention\Ips\EpMPThe.dll
0x00007ffe9a910000 - 0x00007ffe9a92b000 	C:\Program Files\McAfee\Endpoint Security\Threat Prevention\Ips\HIPHandlers64.dll
0x00000000766b0000 - 0x0000000076782000 	C:\Program Files\Android\Android Studio\jre\jre\bin\msvcr100.dll
0x0000000073be0000 - 0x000000007442b000 	C:\Program Files\Android\Android Studio\jre\jre\bin\server\jvm.dll
0x00007ffea4060000 - 0x00007ffea4068000 	C:\Windows\System32\PSAPI.DLL
0x00007ffe88d40000 - 0x00007ffe88d49000 	C:\Windows\SYSTEM32\WSOCK32.dll
0x0000000002d80000 - 0x0000000002def000 	C:\Windows\System32\WS2_32.dll
0x00007ffea07e0000 - 0x00007ffea0804000 	C:\Windows\SYSTEM32\WINMM.dll
0x00007ffea07b0000 - 0x00007ffea07dd000 	C:\Windows\SYSTEM32\WINMMBASE.dll
0x00007ffe9f180000 - 0x00007ffe9f18f000 	C:\Program Files\Android\Android Studio\jre\jre\bin\verify.dll
0x00007ffe9a8b0000 - 0x00007ffe9a8d9000 	C:\Program Files\Android\Android Studio\jre\jre\bin\java.dll
0x00007ffe9f0d0000 - 0x00007ffe9f0e6000 	C:\Program Files\Android\Android Studio\jre\jre\bin\zip.dll
0x00007ffe9a7b0000 - 0x00007ffe9a7ca000 	C:\Program Files\Android\Android Studio\jre\jre\bin\net.dll
0x00007ffea24d0000 - 0x00007ffea2537000 	C:\Windows\system32\mswsock.dll
0x00007ffe9a5a0000 - 0x00007ffe9a5b3000 	C:\Program Files\Android\Android Studio\jre\jre\bin\nio.dll
0x00007ffe90ea0000 - 0x00007ffe90ec7000 	D:\Users\stapade\.gradle\native\f6784746aeab05261644944871eae4fe03e0ef1612fff0a4a95f87b438bc6780\windows-amd64\native-platform.dll
0x00007ffe9f170000 - 0x00007ffe9f17d000 	C:\Program Files\Android\Android Studio\jre\jre\bin\management.dll
0x00007ffea2040000 - 0x00007ffea2073000 	C:\Windows\system32\rsaenh.dll
0x00007ffea2c00000 - 0x00007ffea2c25000 	C:\Windows\SYSTEM32\USERENV.dll
0x00007ffea26a0000 - 0x00007ffea26ac000 	C:\Windows\SYSTEM32\CRYPTBASE.dll
0x00007ffea53a0000 - 0x00007ffea53a8000 	C:\Windows\System32\NSI.dll
0x00007ffe9a460000 - 0x00007ffe9a476000 	C:\Windows\SYSTEM32\dhcpcsvc6.DLL
0x00007ffe9a200000 - 0x00007ffe9a21c000 	C:\Windows\SYSTEM32\dhcpcsvc.DLL
0x00007ffea2220000 - 0x00007ffea22eb000 	C:\Windows\SYSTEM32\DNSAPI.dll
0x00007ffe9af00000 - 0x00007ffe9af0b000 	C:\Windows\SYSTEM32\WINNSI.DLL

VM Arguments:
jvm_args: -Xmx2048m -Dfile.encoding=UTF-8 -Duser.country=US -Duser.language=en -Duser.variant 
java_command: org.gradle.launcher.daemon.bootstrap.GradleDaemon 6.5
java_class_path (initial): D:\Users\stapade\.gradle\wrapper\dists\gradle-6.5-bin\6nifqtx7604sqp1q6g8wikw7p\gradle-6.5\lib\gradle-launcher-6.5.jar
Launcher Type: SUN_STANDARD

Environment Variables:
JAVA_HOME=C:\Program Files\Java
PATH=C:\Windows\system32;C:\Windows;C:\Windows\System32\Wbem;C:\Windows\System32\WindowsPowerShell\v1.0\;C:\Windows\System32\OpenSSH\;C:\Program Files\Intel\WiFi\bin\;C:\Program Files\Common Files\Intel\WirelessCommon\;C:\Program Files\PuTTY\;C:\Program Files\Java\bin;C:\Program Files\nodejs\;D:\Users\stapade\AppData\Local\Microsoft\WindowsApps;D:\Users\stapade\AppData\Roaming\npm;D:\Users\stapade\AppData\Local\Programs\Git\cmd
USERNAME=stapade
OS=Windows_NT
PROCESSOR_IDENTIFIER=Intel64 Family 6 Model 142 Stepping 11, GenuineIntel



---------------  S Y S T E M  ---------------

OS: Windows 10.0 , 64 bit Build 18362 (10.0.18362.1110)

CPU:total 8 (initial active 8) (4 cores per cpu, 2 threads per core) family 6 model 142 stepping 11, cmov, cx8, fxsr, mmx, sse, sse2, sse3, ssse3, sse4.1, sse4.2, popcnt, avx, avx2, aes, clmul, erms, 3dnowpref, lzcnt, ht, tsc, tscinvbit, bmi1, bmi2, adx

Memory: 4k page, physical 16551892k(1870736k free), swap 16551892k(6036k free)

vm_info: OpenJDK 64-Bit Server VM (25.242-b01) for windows-amd64 JRE (1.8.0_242-release-1644-b01), built by "builder" with MS VC++ 10.0 (VS2010)

time: Thu Nov 19 20:19:00 2020
timezone: India Standard Time
elapsed time: 4 seconds (0d 0h 0m 4s)

