#
# There is insufficient memory for the Java Runtime Environment to continue.
# Native memory allocation (malloc) failed to allocate 154048 bytes for Chunk::new
# Possible reasons:
#   The system is out of physical RAM or swap space
#   The process is running with CompressedOops enabled, and the Java Heap may be blocking the growth of the native heap
# Possible solutions:
#   Reduce memory load on the system
#   Increase physical memory or swap space
#   Check if swap backing store is full
#   Decrease Java heap size (-Xmx/-Xms)
#   Decrease number of Java threads
#   Decrease Java thread stack sizes (-Xss)
#   Set larger code cache with -XX:ReservedCodeCacheSize=
#   JVM is running with Unscaled Compressed Oops mode in which the Java heap is
#     placed in the first 4GB address space. The Java Heap base address is the
#     maximum limit for the native heap growth. Please use -XX:HeapBaseMinAddress
#     to set the Java Heap base and to place the Java Heap above 4GB virtual address.
# This output file may be truncated or incomplete.
#
#  Out of Memory Error (allocation.cpp:389), pid=12920, tid=0x0000000000003f14
#
# JRE version: OpenJDK Runtime Environment (8.0_242-b01) (build 1.8.0_242-release-1644-b01)
# Java VM: OpenJDK 64-Bit Server VM (25.242-b01 mixed mode windows-amd64 compressed oops)
# Failed to write core dump. Minidumps are not enabled by default on client versions of Windows
#

---------------  T H R E A D  ---------------

Current thread (0x0000000019ca7000):  JavaThread "C2 CompilerThread2" daemon [_thread_in_native, id=16148, stack(0x000000001a770000,0x000000001a870000)]

Stack: [0x000000001a770000,0x000000001a870000]
[error occurred during error reporting (printing stack bounds), id 0xc0000005]

Native frames: (J=compiled Java code, j=interpreted, Vv=VM code, C=native code)


Current CompileTask:
C2:   4682 1546   !   4       java.net.URLClassLoader$1::run (63 bytes)


---------------  P R O C E S S  ---------------

Java Threads: ( => current thread )
  0x000000001b9b1000 JavaThread "Cache worker for file hash cache (D:\Users\stapade\.gradle\caches\6.5\fileHashes)" [_thread_blocked, id=20412, stack(0x000000001e950000,0x000000001ea50000)]
  0x000000001b9b3000 JavaThread "File lock request listener" [_thread_in_native, id=18888, stack(0x000000001e850000,0x000000001e950000)]
  0x000000001c9f1800 JavaThread "Cache worker for journal cache (D:\Users\stapade\.gradle\caches\journal-1)" [_thread_blocked, id=18420, stack(0x000000001e750000,0x000000001e850000)]
  0x000000001c771800 JavaThread "Thread-9" [_thread_blocked, id=13404, stack(0x000000001e450000,0x000000001e550000)]
  0x000000001c788000 JavaThread "Stdin handler" [_thread_blocked, id=20920, stack(0x000000001e350000,0x000000001e450000)]
  0x000000001c78d800 JavaThread "Asynchronous log dispatcher for DefaultDaemonConnection: socket connection from /127.0.0.1:52178 to /127.0.0.1:52179" [_thread_blocked, id=1996, stack(0x000000001e250000,0x000000001e350000)]
  0x000000001c78c800 JavaThread "Daemon worker" [_thread_blocked, id=12224, stack(0x000000001e150000,0x000000001e250000)]
  0x000000001c789000 JavaThread "Cancel handler" [_thread_blocked, id=12976, stack(0x000000001e050000,0x000000001e150000)]
  0x000000001c7a2800 JavaThread "Handler for socket connection from /127.0.0.1:52178 to /127.0.0.1:52179" [_thread_in_native, id=760, stack(0x000000001df50000,0x000000001e050000)]
  0x000000001c79d800 JavaThread "Daemon" [_thread_blocked, id=22140, stack(0x000000001dd50000,0x000000001de50000)]
  0x000000001c792800 JavaThread "Daemon periodic checks" [_thread_blocked, id=22384, stack(0x000000001da50000,0x000000001db50000)]
  0x000000001c707000 JavaThread "Incoming local TCP Connector on port 52178" [_thread_in_native, id=1292, stack(0x000000001d810000,0x000000001d910000)]
  0x000000001c627000 JavaThread "Daemon health stats" [_thread_blocked, id=11864, stack(0x000000001d510000,0x000000001d610000)]
  0x0000000019d3d000 JavaThread "Service Thread" daemon [_thread_blocked, id=12480, stack(0x000000001a970000,0x000000001aa70000)]
  0x0000000019cb7000 JavaThread "C1 CompilerThread3" daemon [_thread_blocked, id=6556, stack(0x000000001a870000,0x000000001a970000)]
=>0x0000000019ca7000 JavaThread "C2 CompilerThread2" daemon [_thread_in_native, id=16148, stack(0x000000001a770000,0x000000001a870000)]
  0x0000000017e8a800 JavaThread "C2 CompilerThread1" daemon [_thread_in_native, id=17704, stack(0x000000001a670000,0x000000001a770000)]
  0x0000000019ca4000 JavaThread "C2 CompilerThread0" daemon [_thread_blocked, id=12156, stack(0x000000001a570000,0x000000001a670000)]
  0x0000000019ca3000 JavaThread "Attach Listener" daemon [_thread_blocked, id=13416, stack(0x000000001a470000,0x000000001a570000)]
  0x0000000019ca5800 JavaThread "Signal Dispatcher" daemon [_thread_blocked, id=16644, stack(0x000000001a370000,0x000000001a470000)]
  0x0000000002e0e000 JavaThread "Finalizer" daemon [_thread_blocked, id=11936, stack(0x000000001a170000,0x000000001a270000)]
  0x0000000002e07000 JavaThread "Reference Handler" daemon [_thread_blocked, id=12452, stack(0x000000001a070000,0x000000001a170000)]
  0x0000000002d0e000 JavaThread "main" [_thread_blocked, id=7860, stack(0x0000000002b50000,0x0000000002c50000)]

Other Threads:
  0x0000000017e76000 VMThread [stack: 0x0000000019b70000,0x0000000019c70000] [id=18776]
  0x0000000019d3e000 WatcherThread [stack: 0x000000001aa70000,0x000000001ab70000] [id=13456]

VM state:at safepoint (normal execution)

VM Mutex/Monitor currently owned by a thread:  ([mutex/lock_event])
[0x0000000002d0cef0] Threads_lock - owner thread: 0x0000000017e76000
[0x0000000002d0c770] Heap_lock - owner thread: 0x000000001c78c800

heap address: 0x0000000080000000, size: 2048 MB, Compressed Oops mode: 32-bit
Narrow klass base: 0x0000000000000000, Narrow klass shift: 3
Compressed class space size: 1073741824 Address: 0x0000000100000000

Heap:
 PSYoungGen      total 75776K, used 7570K [0x00000000d5580000, 0x00000000daa00000, 0x0000000100000000)
  eden space 65024K, 0% used [0x00000000d5580000,0x00000000d5580000,0x00000000d9500000)
  from space 10752K, 70% used [0x00000000d9500000,0x00000000d9c64ab0,0x00000000d9f80000)
  to   space 10752K, 0% used [0x00000000d9f80000,0x00000000d9f80000,0x00000000daa00000)
 ParOldGen       total 173568K, used 32K [0x0000000080000000, 0x000000008a980000, 0x00000000d5580000)
  object space 173568K, 0% used [0x0000000080000000,0x0000000080008000,0x000000008a980000)
 Metaspace       used 16954K, capacity 17506K, committed 17664K, reserved 1069056K
  class space    used 2296K, capacity 2477K, committed 2560K, reserved 1048576K

Card table byte_map: [0x00000000121d0000,0x00000000125e0000] byte_map_base: 0x0000000011dd0000

Marking Bits: (ParMarkBitMap*) 0x00000000743af030
 Begin Bits: [0x0000000013090000, 0x0000000015090000)
 End Bits:   [0x0000000015090000, 0x0000000017090000)

Polling page: 0x0000000000c10000

CodeCache: size=245760Kb used=5462Kb max_used=5469Kb free=240297Kb
 bounds [0x0000000002e10000, 0x0000000003370000, 0x0000000011e10000]
 total_blobs=1968 nmethods=1568 adapters=313
 compilation: enabled

Compilation events (10 events):
Event: 4.607 Thread 0x0000000019ca4000 1567       4       jdk.internal.org.objectweb.asm.Item::<init> (66 bytes)
Event: 4.608 Thread 0x0000000019ca4000 nmethod 1567 0x0000000003369890 code [0x00000000033699c0, 0x0000000003369a78]
Event: 4.609 Thread 0x0000000019cb7000 1568       3       java.util.concurrent.locks.AbstractQueuedSynchronizer::compareAndSetState (13 bytes)
Event: 4.609 Thread 0x0000000019cb7000 nmethod 1568 0x0000000003368ed0 code [0x0000000003369020, 0x0000000003369190]
Event: 4.628 Thread 0x0000000019cb7000 1570       3       sun.reflect.MethodAccessorImpl::<init> (5 bytes)
Event: 4.628 Thread 0x0000000019cb7000 nmethod 1570 0x0000000003368a90 code [0x0000000003368c00, 0x0000000003368e10]
Event: 4.629 Thread 0x0000000019cb7000 1572       3       java.lang.reflect.Method::setMethodAccessor (21 bytes)
Event: 4.630 Thread 0x0000000019cb7000 nmethod 1572 0x0000000003368450 code [0x00000000033685c0, 0x0000000003368968]
Event: 4.630 Thread 0x0000000019cb7000 1571       1       java.lang.reflect.Method::getMethodAccessor (5 bytes)
Event: 4.630 Thread 0x0000000019cb7000 nmethod 1571 0x0000000003368190 code [0x00000000033682e0, 0x00000000033683f0]

GC Heap History (4 events):
Event: 1.957 GC heap before
{Heap before GC invocations=1 (full 0):
 PSYoungGen      total 75776K, used 65024K [0x00000000d5580000, 0x00000000daa00000, 0x0000000100000000)
  eden space 65024K, 100% used [0x00000000d5580000,0x00000000d9500000,0x00000000d9500000)
  from space 10752K, 0% used [0x00000000d9f80000,0x00000000d9f80000,0x00000000daa00000)
  to   space 10752K, 0% used [0x00000000d9500000,0x00000000d9500000,0x00000000d9f80000)
 ParOldGen       total 173568K, used 0K [0x0000000080000000, 0x000000008a980000, 0x00000000d5580000)
  object space 173568K, 0% used [0x0000000080000000,0x0000000080000000,0x000000008a980000)
 Metaspace       used 7384K, capacity 7582K, committed 7680K, reserved 1056768K
  class space    used 901K, capacity 973K, committed 1024K, reserved 1048576K
Event: 1.964 GC heap after
Heap after GC invocations=1 (full 0):
 PSYoungGen      total 75776K, used 5610K [0x00000000d5580000, 0x00000000daa00000, 0x0000000100000000)
  eden space 65024K, 0% used [0x00000000d5580000,0x00000000d5580000,0x00000000d9500000)
  from space 10752K, 52% used [0x00000000d9500000,0x00000000d9a7a900,0x00000000d9f80000)
  to   space 10752K, 0% used [0x00000000d9f80000,0x00000000d9f80000,0x00000000daa00000)
 ParOldGen       total 173568K, used 16K [0x0000000080000000, 0x000000008a980000, 0x00000000d5580000)
  object space 173568K, 0% used [0x0000000080000000,0x0000000080004000,0x000000008a980000)
 Metaspace       used 7384K, capacity 7582K, committed 7680K, reserved 1056768K
  class space    used 901K, capacity 973K, committed 1024K, reserved 1048576K
}
Event: 4.266 GC heap before
{Heap before GC invocations=2 (full 0):
 PSYoungGen      total 75776K, used 70634K [0x00000000d5580000, 0x00000000daa00000, 0x0000000100000000)
  eden space 65024K, 100% used [0x00000000d5580000,0x00000000d9500000,0x00000000d9500000)
  from space 10752K, 52% used [0x00000000d9500000,0x00000000d9a7a900,0x00000000d9f80000)
  to   space 10752K, 0% used [0x00000000d9f80000,0x00000000d9f80000,0x00000000daa00000)
 ParOldGen       total 173568K, used 16K [0x0000000080000000, 0x000000008a980000, 0x00000000d5580000)
  object space 173568K, 0% used [0x0000000080000000,0x0000000080004000,0x000000008a980000)
 Metaspace       used 14127K, capacity 14628K, committed 14976K, reserved 1062912K
  class space    used 1952K, capacity 2094K, committed 2176K, reserved 1048576K
Event: 4.277 GC heap after
Heap after GC invocations=2 (full 0):
 PSYoungGen      total 75776K, used 8950K [0x00000000d5580000, 0x00000000daa00000, 0x0000000100000000)
  eden space 65024K, 0% used [0x00000000d5580000,0x00000000d5580000,0x00000000d9500000)
  from space 10752K, 83% used [0x00000000d9f80000,0x00000000da83d958,0x00000000daa00000)
  to   space 10752K, 0% used [0x00000000d9500000,0x00000000d9500000,0x00000000d9f80000)
 ParOldGen       total 173568K, used 24K [0x0000000080000000, 0x000000008a980000, 0x00000000d5580000)
  object space 173568K, 0% used [0x0000000080000000,0x0000000080006000,0x000000008a980000)
 Metaspace       used 14127K, capacity 14628K, committed 14976K, reserved 1062912K
  class space    used 1952K, capacity 2094K, committed 2176K, reserved 1048576K
}

Deoptimization events (10 events):
Event: 3.917 Thread 0x000000001c7a2800 Uncommon trap: reason=unstable_if action=reinterpret pc=0x000000000311aad4 method=java.lang.String.substring(I)Ljava/lang/String; @ 35
Event: 3.977 Thread 0x000000001c78c800 Uncommon trap: reason=bimorphic action=maybe_recompile pc=0x00000000030d48a4 method=java.util.HashMap.putVal(ILjava/lang/Object;Ljava/lang/Object;ZZ)Ljava/lang/Object; @ 253
Event: 3.977 Thread 0x000000001c78c800 Uncommon trap: reason=bimorphic action=maybe_recompile pc=0x00000000030d48a4 method=java.util.HashMap.putVal(ILjava/lang/Object;Ljava/lang/Object;ZZ)Ljava/lang/Object; @ 253
Event: 3.977 Thread 0x000000001c78c800 Uncommon trap: reason=bimorphic action=maybe_recompile pc=0x00000000030d48a4 method=java.util.HashMap.putVal(ILjava/lang/Object;Ljava/lang/Object;ZZ)Ljava/lang/Object; @ 253
Event: 3.977 Thread 0x000000001c78c800 Uncommon trap: reason=bimorphic action=maybe_recompile pc=0x00000000030d48a4 method=java.util.HashMap.putVal(ILjava/lang/Object;Ljava/lang/Object;ZZ)Ljava/lang/Object; @ 253
Event: 4.245 Thread 0x000000001c78c800 Uncommon trap: reason=class_check action=maybe_recompile pc=0x000000000311e8d8 method=java.util.regex.Matcher.match(II)Z @ 86
Event: 4.282 Thread 0x000000001c78c800 Uncommon trap: reason=class_check action=maybe_recompile pc=0x000000000311e8d8 method=java.util.regex.Matcher.match(II)Z @ 86
Event: 4.283 Thread 0x000000001c78c800 Uncommon trap: reason=class_check action=maybe_recompile pc=0x000000000311e8d8 method=java.util.regex.Matcher.match(II)Z @ 86
Event: 4.283 Thread 0x000000001c78c800 Uncommon trap: reason=class_check action=maybe_recompile pc=0x0000000002fc45d0 method=java.util.regex.Matcher.match(II)Z @ 86
Event: 4.394 Thread 0x000000001c78c800 Uncommon trap: reason=unstable_if action=reinterpret pc=0x000000000311b9dc method=java.io.File.getName()Ljava/lang/String; @ 16

Classes redefined (0 events):
No events

Internal exceptions (10 events):
Event: 3.906 Thread 0x000000001c7a2800 Exception <a 'java/lang/NoSuchMethodError': <clinit>> (0x00000000d7900778) thrown at [C:\src\AOSP-openjdk-git\hotspot\src\share\vm\prims\jni.cpp, line 1615]
Event: 3.907 Thread 0x000000001c7a2800 Exception <a 'java/lang/NoSuchMethodError': <clinit>> (0x00000000d7909318) thrown at [C:\src\AOSP-openjdk-git\hotspot\src\share\vm\prims\jni.cpp, line 1615]
Event: 3.910 Thread 0x000000001c7a2800 Exception <a 'java/lang/NoSuchMethodError': <clinit>> (0x00000000d791f6d8) thrown at [C:\src\AOSP-openjdk-git\hotspot\src\share\vm\prims\jni.cpp, line 1615]
Event: 3.928 Thread 0x000000001c7a2800 Exception <a 'java/lang/NoSuchMethodError': <clinit>> (0x00000000d7999480) thrown at [C:\src\AOSP-openjdk-git\hotspot\src\share\vm\prims\jni.cpp, line 1615]
Event: 3.934 Thread 0x000000001c7a2800 Exception <a 'java/lang/NoSuchMethodError': <clinit>> (0x00000000d79c8bd8) thrown at [C:\src\AOSP-openjdk-git\hotspot\src\share\vm\prims\jni.cpp, line 1615]
Event: 3.943 Thread 0x000000001c7a2800 Exception <a 'java/lang/NoSuchMethodError': <clinit>> (0x00000000d79f71d0) thrown at [C:\src\AOSP-openjdk-git\hotspot\src\share\vm\prims\jni.cpp, line 1615]
Event: 3.945 Thread 0x000000001c7a2800 Exception <a 'java/lang/NoSuchMethodError': <clinit>> (0x00000000d7a03648) thrown at [C:\src\AOSP-openjdk-git\hotspot\src\share\vm\prims\jni.cpp, line 1615]
Event: 4.437 Thread 0x000000001c78c800 Exception <a 'java/lang/NoSuchMethodError': java.lang.Object.lambda$and$0(Ljava/util/function/Predicate;Ljava/lang/Object;)Z> (0x00000000d5ff9e58) thrown at [C:\src\AOSP-openjdk-git\hotspot\src\share\vm\interpreter\linkResolver.cpp, line 620]
Event: 4.442 Thread 0x000000001c78c800 Exception <a 'java/lang/IncompatibleClassChangeError': Found class java.lang.Object, but interface was expected> (0x00000000d600a150) thrown at [C:\src\AOSP-openjdk-git\hotspot\src\share\vm\interpreter\linkResolver.cpp, line 653]
Event: 4.444 Thread 0x000000001c78c800 Exception <a 'java/lang/NoSuchMethodError': java.lang.Object.lambda$or$2(Ljava/util/function/Predicate;Ljava/lang/Object;)Z> (0x00000000d600eca0) thrown at [C:\src\AOSP-openjdk-git\hotspot\src\share\vm\interpreter\linkResolver.cpp, line 620]

Events (10 events):
Event: 4.627 loading class org/gradle/initialization/DefaultGradleLauncherFactory$NestedBuildFactoryImpl
Event: 4.627 loading class org/gradle/initialization/DefaultGradleLauncherFactory$NestedBuildFactoryImpl done
Event: 4.627 loading class org/gradle/initialization/NestedBuildFactory
Event: 4.627 loading class org/gradle/initialization/NestedBuildFactory done
Event: 4.628 loading class org/gradle/profile/BuildProfileServices$1$1
Event: 4.628 loading class org/gradle/profile/BuildProfileServices$1$1 done
Event: 4.629 loading class org/gradle/internal/build/DefaultPublicBuildPath
Event: 4.629 loading class org/gradle/internal/build/DefaultPublicBuildPath done
Event: 4.630 loading class org/gradle/util/Path
Event: 4.630 loading class org/gradle/util/Path done


Dynamic libraries:
0x00007ff7b9770000 - 0x00007ff7b97a1000 	C:\Program Files\Android\Android Studio\jre\bin\java.exe
0x00007ffea5e20000 - 0x00007ffea6010000 	C:\Windows\SYSTEM32\ntdll.dll
0x00007ffea4e80000 - 0x00007ffea4f32000 	C:\Windows\System32\KERNEL32.DLL
0x00007ffea3870000 - 0x00007ffea3b15000 	C:\Windows\System32\KERNELBASE.dll
0x00007ffea4110000 - 0x00007ffea41b3000 	C:\Windows\System32\ADVAPI32.dll
0x00007ffea4070000 - 0x00007ffea410e000 	C:\Windows\System32\msvcrt.dll
0x00007ffea46c0000 - 0x00007ffea4757000 	C:\Windows\System32\sechost.dll
0x00007ffea41c0000 - 0x00007ffea42e0000 	C:\Windows\System32\RPCRT4.dll
0x00007ffea42e0000 - 0x00007ffea4474000 	C:\Windows\System32\USER32.dll
0x00007ffea3770000 - 0x00007ffea3791000 	C:\Windows\System32\win32u.dll
0x00007ffea4bd0000 - 0x00007ffea4bf6000 	C:\Windows\System32\GDI32.dll
0x00007ffea35d0000 - 0x00007ffea3766000 	C:\Windows\System32\gdi32full.dll
0x00007ffea2db0000 - 0x00007ffea2e4e000 	C:\Windows\System32\msvcp_win.dll
0x00007ffea3c90000 - 0x00007ffea3d8a000 	C:\Windows\System32\ucrtbase.dll
0x00007ffe87b30000 - 0x00007ffe87db4000 	C:\Windows\WinSxS\amd64_microsoft.windows.common-controls_6595b64144ccf1df_6.0.18362.1139_none_9e7bf2d3e4605ac6\COMCTL32.dll
0x00007ffea5aa0000 - 0x00007ffea5dd5000 	C:\Windows\System32\combase.dll
0x00007ffea37f0000 - 0x00007ffea3870000 	C:\Windows\System32\bcryptPrimitives.dll
0x00007ffea4480000 - 0x00007ffea44ae000 	C:\Windows\System32\IMM32.DLL
0x00007ffe68060000 - 0x00007ffe68765000 	C:\Program Files\McAfee\DLP\Agent\fcagpph64.dll
0x00007ffea53b0000 - 0x00007ffea5a97000 	C:\Windows\System32\SHELL32.dll
0x00007ffea37a0000 - 0x00007ffea37ea000 	C:\Windows\System32\cfgmgr32.dll
0x00007ffea3ed0000 - 0x00007ffea3f79000 	C:\Windows\System32\shcore.dll
0x00007ffea2e50000 - 0x00007ffea35d0000 	C:\Windows\System32\windows.storage.dll
0x00007ffea2d80000 - 0x00007ffea2da3000 	C:\Windows\System32\profapi.dll
0x00007ffea2d10000 - 0x00007ffea2d5a000 	C:\Windows\System32\powrprof.dll
0x00007ffea2ce0000 - 0x00007ffea2cf0000 	C:\Windows\System32\UMPDC.dll
0x00007ffea4000000 - 0x00007ffea4052000 	C:\Windows\System32\shlwapi.dll
0x00007ffea2cf0000 - 0x00007ffea2d01000 	C:\Windows\System32\kernel.appcore.dll
0x00007ffea3c70000 - 0x00007ffea3c87000 	C:\Windows\System32\cryptsp.dll
0x00007ffea5110000 - 0x00007ffea5267000 	C:\Windows\System32\ole32.dll
0x00007ffea4c70000 - 0x00007ffea4d35000 	C:\Windows\System32\OLEAUT32.dll
0x00007ffe8de60000 - 0x00007ffe8dee9000 	C:\Windows\SYSTEM32\WINSPOOL.DRV
0x00007ffea3d90000 - 0x00007ffea3db6000 	C:\Windows\System32\bcrypt.dll
0x00007ffea1e20000 - 0x00007ffea1e2a000 	C:\Windows\SYSTEM32\VERSION.dll
0x00007ffe9eba0000 - 0x00007ffe9ec90000 	C:\Windows\SYSTEM32\PROPSYS.dll
0x00007ffea21e0000 - 0x00007ffea221a000 	C:\Windows\SYSTEM32\IPHLPAPI.DLL
0x00007ffea2bc0000 - 0x00007ffea2bf7000 	C:\Windows\SYSTEM32\SspiCli.dll
0x00007ffea1b20000 - 0x00007ffea1b51000 	C:\Windows\SYSTEM32\ntmarta.dll
0x00007ffe72cf0000 - 0x00007ffe72da3000 	C:\Program Files\McAfee\Endpoint Security\Threat Prevention\Ips\EpMPApi.dll
0x00007ffea3dc0000 - 0x00007ffea3e1c000 	C:\Windows\System32\WINTRUST.dll
0x00007ffea2d60000 - 0x00007ffea2d72000 	C:\Windows\System32\MSASN1.dll
0x00000000024e0000 - 0x0000000002629000 	C:\Windows\System32\CRYPT32.dll
0x0000000074cb0000 - 0x0000000074cbc000 	C:\Program Files\McAfee\Endpoint Security\Threat Prevention\Ips\EpMPThe.dll
0x00007ffe9a910000 - 0x00007ffe9a92b000 	C:\Program Files\McAfee\Endpoint Security\Threat Prevention\Ips\HIPHandlers64.dll
0x00000000766b0000 - 0x0000000076782000 	C:\Program Files\Android\Android Studio\jre\jre\bin\msvcr100.dll
0x0000000073be0000 - 0x000000007442b000 	C:\Program Files\Android\Android Studio\jre\jre\bin\server\jvm.dll
0x00007ffea4060000 - 0x00007ffea4068000 	C:\Windows\System32\PSAPI.DLL
0x00007ffe88d40000 - 0x00007ffe88d49000 	C:\Windows\SYSTEM32\WSOCK32.dll
0x0000000002700000 - 0x000000000276f000 	C:\Windows\System32\WS2_32.dll
0x00007ffea07e0000 - 0x00007ffea0804000 	C:\Windows\SYSTEM32\WINMM.dll
0x00007ffea07b0000 - 0x00007ffea07dd000 	C:\Windows\SYSTEM32\WINMMBASE.dll
0x00007ffe9f180000 - 0x00007ffe9f18f000 	C:\Program Files\Android\Android Studio\jre\jre\bin\verify.dll
0x00007ffe9a8b0000 - 0x00007ffe9a8d9000 	C:\Program Files\Android\Android Studio\jre\jre\bin\java.dll
0x00007ffe9f0d0000 - 0x00007ffe9f0e6000 	C:\Program Files\Android\Android Studio\jre\jre\bin\zip.dll
0x00007ffe9a7b0000 - 0x00007ffe9a7ca000 	C:\Program Files\Android\Android Studio\jre\jre\bin\net.dll
0x00007ffea24d0000 - 0x00007ffea2537000 	C:\Windows\system32\mswsock.dll
0x00007ffe9a5a0000 - 0x00007ffe9a5b3000 	C:\Program Files\Android\Android Studio\jre\jre\bin\nio.dll
0x00007ffe90ea0000 - 0x00007ffe90ec7000 	D:\Users\stapade\.gradle\native\f6784746aeab05261644944871eae4fe03e0ef1612fff0a4a95f87b438bc6780\windows-amd64\native-platform.dll
0x00007ffe9f170000 - 0x00007ffe9f17d000 	C:\Program Files\Android\Android Studio\jre\jre\bin\management.dll
0x00007ffea2040000 - 0x00007ffea2073000 	C:\Windows\system32\rsaenh.dll
0x00007ffea2c00000 - 0x00007ffea2c25000 	C:\Windows\SYSTEM32\USERENV.dll
0x00007ffea26a0000 - 0x00007ffea26ac000 	C:\Windows\SYSTEM32\CRYPTBASE.dll
0x00007ffea53a0000 - 0x00007ffea53a8000 	C:\Windows\System32\NSI.dll
0x00007ffe9a460000 - 0x00007ffe9a476000 	C:\Windows\SYSTEM32\dhcpcsvc6.DLL
0x00007ffe9a200000 - 0x00007ffe9a21c000 	C:\Windows\SYSTEM32\dhcpcsvc.DLL
0x00007ffea2220000 - 0x00007ffea22eb000 	C:\Windows\SYSTEM32\DNSAPI.dll
0x00007ffe9af00000 - 0x00007ffe9af0b000 	C:\Windows\SYSTEM32\WINNSI.DLL

VM Arguments:
jvm_args: -Xmx2048m -Dfile.encoding=UTF-8 -Duser.country=US -Duser.language=en -Duser.variant 
java_command: org.gradle.launcher.daemon.bootstrap.GradleDaemon 6.5
java_class_path (initial): D:\Users\stapade\.gradle\wrapper\dists\gradle-6.5-bin\6nifqtx7604sqp1q6g8wikw7p\gradle-6.5\lib\gradle-launcher-6.5.jar
Launcher Type: SUN_STANDARD

Environment Variables:
JAVA_HOME=C:\Program Files\Java
PATH=C:\Windows\system32;C:\Windows;C:\Windows\System32\Wbem;C:\Windows\System32\WindowsPowerShell\v1.0\;C:\Windows\System32\OpenSSH\;C:\Program Files\Intel\WiFi\bin\;C:\Program Files\Common Files\Intel\WirelessCommon\;C:\Program Files\PuTTY\;C:\Program Files\Java\bin;C:\Program Files\nodejs\;D:\Users\stapade\AppData\Local\Microsoft\WindowsApps;D:\Users\stapade\AppData\Roaming\npm;D:\Users\stapade\AppData\Local\Programs\Git\cmd
USERNAME=stapade
OS=Windows_NT
PROCESSOR_IDENTIFIER=Intel64 Family 6 Model 142 Stepping 11, GenuineIntel



---------------  S Y S T E M  ---------------

OS: Windows 10.0 , 64 bit Build 18362 (10.0.18362.1110)

CPU:total 8 (initial active 8) (4 cores per cpu, 2 threads per core) family 6 model 142 stepping 11, cmov, cx8, fxsr, mmx, sse, sse2, sse3, ssse3, sse4.1, sse4.2, popcnt, avx, avx2, aes, clmul, erms, 3dnowpref, lzcnt, ht, tsc, tscinvbit, bmi1, bmi2, adx

Memory: 4k page, physical 16551892k(1855908k free), swap 16551892k(4444k free)

vm_info: OpenJDK 64-Bit Server VM (25.242-b01) for windows-amd64 JRE (1.8.0_242-release-1644-b01), built by "builder" with MS VC++ 10.0 (VS2010)

time: Thu Nov 19 20:19:16 2020
timezone: India Standard Time
elapsed time: 4 seconds (0d 0h 0m 4s)

